<?xml version="1.0" encoding="UTF-8"?>
<!-- Generated by org.testng.reporters.JUnitReportReporter -->
<testsuite hostname="LAPTOP-GN9VVNV9" failures="0" tests="1" name="test.day1" time="0.013" errors="0" timestamp="2023-09-30T16:04:05 IST" skipped="0">
  <testcase classname="test.day1" name="Demo" time="0.013"/>
</testsuite> <!-- test.day1 -->
