<?xml version="1.0" encoding="UTF-8"?>
<!-- Generated by org.testng.reporters.JUnitReportReporter -->
<testsuite hostname="LAPTOP-GN9VVNV9" failures="0" tests="5" name="test.day3" time="0.025" errors="0" timestamp="2023-10-05T12:33:01 IST" skipped="0">
  <testcase classname="test.day3" name="apiLoginHomeLoan" time="0.002"/>
  <testcase classname="test.day3" name="mobileLoginHomeLoan" time="0.007"/>
  <testcase classname="test.day3" name="mobileLoginHomeLoan3" time="0.004"/>
  <testcase classname="test.day3" name="mobileLoginHomeLoan2" time="0.011"/>
  <testcase classname="test.day3" name="webLoginHomeLoan" time="0.001"/>
</testsuite> <!-- test.day3 -->
