<?xml version="1.0" encoding="UTF-8"?>
<!-- Generated by org.testng.reporters.JUnitReportReporter -->
<testsuite hostname="LAPTOP-GN9VVNV9" failures="0" tests="3" name="test.day5" time="0.015" errors="0" timestamp="2023-10-03T14:53:21 IST" skipped="1">
  <testcase classname="test.day5" name="mobileLoginHomeLoan3" time="0.006"/>
  <testcase classname="test.day5" name="mobileLoginHomeLoan2" time="0.009"/>
  <testcase classname="test.day5" name="mobileLoginHomeLoan">
    <skipped/>
  </testcase> <!-- mobileLoginHomeLoan -->
</testsuite> <!-- test.day5 -->
