<?xml version="1.0" encoding="UTF-8"?>
<!-- Generated by org.testng.reporters.JUnitReportReporter -->
<testsuite hostname="LAPTOP-GN9VVNV9" failures="0" tests="5" name="test.day3" time="0.005" errors="0" timestamp="2023-10-03T14:52:00 IST" skipped="0">
  <testcase classname="test.day3" name="mobileLoginHomeLoan2" time="0.001"/>
  <testcase classname="test.day3" name="webLoginHomeLoan" time="0.001"/>
  <testcase classname="test.day3" name="mobileLoginHomeLoan" time="0.001"/>
  <testcase classname="test.day3" name="mobileLoginHomeLoan3" time="0.001"/>
  <testcase classname="test.day3" name="apiLoginHomeLoan" time="0.001"/>
</testsuite> <!-- test.day3 -->
