<?xml version="1.0" encoding="UTF-8"?>
<!-- Generated by org.testng.reporters.JUnitReportReporter -->
<testsuite hostname="LAPTOP-GN9VVNV9" failures="0" tests="2" name="test.day1" time="0.010" errors="0" timestamp="2023-09-28T12:25:51 IST" skipped="0">
  <testcase classname="test.day1" name="Demo" time="0.009"/>
  <testcase classname="test.day1" name="SecondDemo" time="0.001"/>
</testsuite> <!-- test.day1 -->
