<?xml version="1.0" encoding="UTF-8"?>
<!-- Generated by org.testng.reporters.JUnitReportReporter -->
<testsuite hostname="LAPTOP-GN9VVNV9" failures="0" tests="1" name="test.day2" time="0.003" errors="0" timestamp="2023-10-03T12:17:44 IST" skipped="0">
  <testcase classname="test.day2" name="third" time="0.003"/>
</testsuite> <!-- test.day2 -->
