<?xml version="1.0" encoding="UTF-8"?>
<!-- Generated by org.testng.reporters.JUnitReportReporter -->
<testsuite hostname="LAPTOP-GN9VVNV9" failures="0" tests="1" name="test.day2" time="0.001" errors="0" timestamp="2023-09-28T12:25:51 IST" skipped="0">
  <testcase classname="test.day2" name="third" time="0.001"/>
</testsuite> <!-- test.day2 -->
