<?xml version="1.0" encoding="UTF-8"?>
<!-- Generated by org.testng.reporters.JUnitReportReporter -->
<testsuite hostname="LAPTOP-GN9VVNV9" failures="0" tests="2" name="test.day1" time="0.009" errors="0" timestamp="2023-10-03T14:52:00 IST" skipped="0">
  <testcase classname="test.day1" name="Demo" time="0.007"/>
  <testcase classname="test.day1" name="SecondDemo" time="0.002"/>
</testsuite> <!-- test.day1 -->
